# JRE version: Java(TM) SE Runtime Environment (16.0+36) (build 16+36-2231)
# Java VM: Java HotSpot(TM) 64-Bit Server VM (16+36-2231, mixed mode, sharing, tiered, compressed oops, g1 gc, windows-amd64)
GC Precious Log:
 CPUs: 8 total, 8 available
 Memory: 6020M
 Large Page Support: Disabled
 NUMA Support: Disabled
 Compressed Oops: Enabled (32-bit)
 Heap Region Size: 1M
 Heap Min Capacity: 8M
 Heap Initial Capacity: 8M
 Heap Max Capacity: 1506M
 Pre-touch: Disabled
 Parallel Workers: 8
 Concurrent Workers: 2
 Concurrent Refinement Workers: 8
 Periodic GC: Disabled
Heap:
 garbage-first heap   total 10240K, used 3864K [0x00000000a1e00000, 0x0000000100000000)
  region size 1024K, 1 young (1024K), 1 survivors (1024K)
 Metaspace       used 8219K, committed 8384K, reserved 1064960K
  class space    used 936K, committed 1024K, reserved 1048576K
GC Heap History (17 events):
Event: 0.260 GC heap before
{Heap before GC invocations=0 (full 0):
 garbage-first heap   total 8192K, used 3072K [0x00000000a1e00000, 0x0000000100000000)
  region size 1024K, 3 young (3072K), 0 survivors (0K)
 Metaspace       used 2633K, committed 2880K, reserved 1056768K
  class space    used 328K, committed 448K, reserved 1048576K
}
Event: 0.264 GC heap after
{Heap after GC invocations=1 (full 0):
 garbage-first heap   total 8192K, used 1100K [0x00000000a1e00000, 0x0000000100000000)
  region size 1024K, 1 young (1024K), 1 survivors (1024K)
 Metaspace       used 2633K, committed 2880K, reserved 1056768K
  class space    used 328K, committed 448K, reserved 1048576K
}
Event: 0.343 GC heap before
{Heap before GC invocations=1 (full 0):
 garbage-first heap   total 8192K, used 2124K [0x00000000a1e00000, 0x0000000100000000)
  region size 1024K, 2 young (2048K), 1 survivors (1024K)
 Metaspace       used 4331K, committed 4480K, reserved 1056768K
  class space    used 535K, committed 640K, reserved 1048576K
}
Event: 0.346 GC heap after
{Heap after GC invocations=2 (full 0):
 garbage-first heap   total 8192K, used 1732K [0x00000000a1e00000, 0x0000000100000000)
  region size 1024K, 1 young (1024K), 1 survivors (1024K)
 Metaspace       used 4331K, committed 4480K, reserved 1056768K
  class space    used 535K, committed 640K, reserved 1048576K
}
Event: 0.421 GC heap before
{Heap before GC invocations=2 (full 0):
 garbage-first heap   total 8192K, used 2756K [0x00000000a1e00000, 0x0000000100000000)
  region size 1024K, 2 young (2048K), 1 survivors (1024K)
 Metaspace       used 5874K, committed 6080K, reserved 1064960K
  class space    used 689K, committed 768K, reserved 1048576K
}
Event: 0.422 GC heap after
{Heap after GC invocations=3 (full 0):
 garbage-first heap   total 8192K, used 2013K [0x00000000a1e00000, 0x0000000100000000)
  region size 1024K, 1 young (1024K), 1 survivors (1024K)
 Metaspace       used 5874K, committed 6080K, reserved 1064960K
  class space    used 689K, committed 768K, reserved 1048576K
}
Event: 0.516 GC heap before
{Heap before GC invocations=3 (full 0):
 garbage-first heap   total 8192K, used 3037K [0x00000000a1e00000, 0x0000000100000000)
  region size 1024K, 2 young (2048K), 1 survivors (1024K)
 Metaspace       used 7512K, committed 7744K, reserved 1064960K
  class space    used 862K, committed 960K, reserved 1048576K
}
Event: 0.519 GC heap after
{Heap after GC invocations=4 (full 0):
 garbage-first heap   total 8192K, used 2291K [0x00000000a1e00000, 0x0000000100000000)
  region size 1024K, 1 young (1024K), 1 survivors (1024K)
 Metaspace       used 7512K, committed 7744K, reserved 1064960K
  class space    used 862K, committed 960K, reserved 1048576K
}
Event: 0.560 GC heap before
{Heap before GC invocations=4 (full 0):
 garbage-first heap   total 8192K, used 3315K [0x00000000a1e00000, 0x0000000100000000)
  region size 1024K, 2 young (2048K), 1 survivors (1024K)
 Metaspace       used 7714K, committed 7872K, reserved 1064960K
  class space    used 883K, committed 960K, reserved 1048576K
}
Event: 0.562 GC heap after
{Heap after GC invocations=5 (full 0):
 garbage-first heap   total 10240K, used 2503K [0x00000000a1e00000, 0x0000000100000000)
  region size 1024K, 1 young (1024K), 1 survivors (1024K)
 Metaspace       used 7714K, committed 7872K, reserved 1064960K
  class space    used 883K, committed 960K, reserved 1048576K
}
Event: 0.621 GC heap before
{Heap before GC invocations=5 (full 0):
 garbage-first heap   total 10240K, used 4551K [0x00000000a1e00000, 0x0000000100000000)
  region size 1024K, 3 young (3072K), 1 survivors (1024K)
 Metaspace       used 8059K, committed 8256K, reserved 1064960K
  class space    used 925K, committed 1024K, reserved 1048576K
}
Event: 0.624 GC heap after
{Heap after GC invocations=6 (full 0):
 garbage-first heap   total 10240K, used 3086K [0x00000000a1e00000, 0x0000000100000000)
  region size 1024K, 1 young (1024K), 1 survivors (1024K)
 Metaspace       used 8059K, committed 8256K, reserved 1064960K
  class space    used 925K, committed 1024K, reserved 1048576K
}
Event: 0.644 GC heap before
{Heap before GC invocations=6 (full 0):
 garbage-first heap   total 10240K, used 5134K [0x00000000a1e00000, 0x0000000100000000)
  region size 1024K, 3 young (3072K), 1 survivors (1024K)
 Metaspace       used 8109K, committed 8256K, reserved 1064960K
  class space    used 929K, committed 1024K, reserved 1048576K
}
Event: 0.648 GC heap after
{Heap after GC invocations=7 (full 0):
 garbage-first heap   total 10240K, used 3434K [0x00000000a1e00000, 0x0000000100000000)
  region size 1024K, 1 young (1024K), 1 survivors (1024K)
 Metaspace       used 8109K, committed 8256K, reserved 1064960K
  class space    used 929K, committed 1024K, reserved 1048576K
}
Event: 0.668 GC heap before
{Heap before GC invocations=7 (full 0):
 garbage-first heap   total 10240K, used 4458K [0x00000000a1e00000, 0x0000000100000000)
  region size 1024K, 2 young (2048K), 1 survivors (1024K)
 Metaspace       used 8196K, committed 8384K, reserved 1064960K
  class space    used 936K, committed 1024K, reserved 1048576K
}
Event: 0.669 GC heap after
{Heap after GC invocations=8 (full 0):
 garbage-first heap   total 10240K, used 3492K [0x00000000a1e00000, 0x0000000100000000)
  region size 1024K, 1 young (1024K), 1 survivors (1024K)
 Metaspace       used 8196K, committed 8384K, reserved 1064960K
  class space    used 936K, committed 1024K, reserved 1048576K
}
Event: 0.681 GC heap before
{Heap before GC invocations=8 (full 0):
 garbage-first heap   total 10240K, used 5540K [0x00000000a1e00000, 0x0000000100000000)
  region size 1024K, 3 young (3072K), 1 survivors (1024K)
 Metaspace       used 8219K, committed 8384K, reserved 1064960K
  class space    used 936K, committed 1024K, reserved 1048576K
}

